<?xml version="1.0" encoding="UTF-8"?>
<!DOCTYPE coverage SYSTEM "http://cobertura.sourceforge.net/xml/coverage-04.dtd">
<coverage line-rate="0" branch-rate="0" lines-covered="0" lines-valid="22" branches-covered="0" branches-valid="0" complexity="12" version="0.4" timestamp="1707859631">
  <sources>
    <source>/app/src</source>
  </sources>
  <packages>
    <package name="ServiceProvider.php" line-rate="0" branch-rate="0" complexity="12">
      <classes>
        <class name="Playground\Content\ServiceProvider" filename="ServiceProvider.php" line-rate="0" branch-rate="0" complexity="12">
          <methods>
            <method name="boot" signature="" line-rate="0" branch-rate="0" complexity="4">
              <lines>
                <line number="30" hits="0"/>
                <line number="32" hits="0"/>
                <line number="34" hits="0"/>
                <line number="36" hits="0"/>
                <line number="37" hits="0"/>
                <line number="38" hits="0"/>
                <line number="42" hits="0"/>
              </lines>
            </method>
            <method name="register" signature="" line-rate="0" branch-rate="0" complexity="1">
              <lines>
                <line number="50" hits="0"/>
                <line number="51" hits="0"/>
                <line number="52" hits="0"/>
                <line number="53" hits="0"/>
              </lines>
            </method>
            <method name="about" signature="" line-rate="0" branch-rate="0" complexity="6">
              <lines>
                <line number="58" hits="0"/>
                <line number="59" hits="0"/>
                <line number="61" hits="0"/>
                <line number="63" hits="0"/>
                <line number="65" hits="0"/>
                <line number="66" hits="0"/>
                <line number="67" hits="0"/>
                <line number="69" hits="0"/>
                <line number="70" hits="0"/>
                <line number="71" hits="0"/>
              </lines>
            </method>
            <method name="version" signature="" line-rate="0" branch-rate="0" complexity="1">
              <lines>
                <line number="76" hits="0"/>
              </lines>
            </method>
          </methods>
          <lines>
            <line number="30" hits="0"/>
            <line number="32" hits="0"/>
            <line number="34" hits="0"/>
            <line number="36" hits="0"/>
            <line number="37" hits="0"/>
            <line number="38" hits="0"/>
            <line number="42" hits="0"/>
            <line number="50" hits="0"/>
            <line number="51" hits="0"/>
            <line number="52" hits="0"/>
            <line number="53" hits="0"/>
            <line number="58" hits="0"/>
            <line number="59" hits="0"/>
            <line number="61" hits="0"/>
            <line number="63" hits="0"/>
            <line number="65" hits="0"/>
            <line number="66" hits="0"/>
            <line number="67" hits="0"/>
            <line number="69" hits="0"/>
            <line number="70" hits="0"/>
            <line number="71" hits="0"/>
            <line number="76" hits="0"/>
          </lines>
        </class>
      </classes>
    </package>
  </packages>
</coverage>
