<?xml version="1.0" encoding="UTF-8"?>
<!DOCTYPE coverage SYSTEM "http://cobertura.sourceforge.net/xml/coverage-04.dtd">
<coverage line-rate="0.37923728813559" branch-rate="0" lines-covered="179" lines-valid="472" branches-covered="0" branches-valid="0" complexity="258" version="0.4" timestamp="1710392926">
  <sources>
    <source>/app/src</source>
  </sources>
  <packages>
    <package name="Requests/Concerns/PaginationColumns.php" line-rate="0" branch-rate="0" complexity="16">
      <classes>
        <class name="Playground\Http\Requests\Concerns\PaginationColumns" filename="Requests/Concerns/PaginationColumns.php" line-rate="0" branch-rate="0" complexity="16">
          <methods>
            <method name="getPaginationColumns" signature="" line-rate="0" branch-rate="0" complexity="1">
              <lines>
                <line number="34" hits="0"/>
              </lines>
            </method>
            <method name="rules_filters_columns" signature="array $rules" line-rate="0" branch-rate="0" complexity="15">
              <lines>
                <line number="42" hits="0"/>
                <line number="43" hits="0"/>
                <line number="44" hits="0"/>
                <line number="47" hits="0"/>
                <line number="49" hits="0"/>
                <line number="51" hits="0"/>
                <line number="53" hits="0"/>
                <line number="55" hits="0"/>
                <line number="56" hits="0"/>
                <line number="59" hits="0"/>
                <line number="62" hits="0"/>
                <line number="63" hits="0"/>
                <line number="66" hits="0"/>
                <line number="67" hits="0"/>
                <line number="68" hits="0"/>
                <line number="69" hits="0"/>
                <line number="70" hits="0"/>
                <line number="71" hits="0"/>
                <line number="72" hits="0"/>
                <line number="73" hits="0"/>
                <line number="74" hits="0"/>
                <line number="75" hits="0"/>
                <line number="76" hits="0"/>
                <line number="77" hits="0"/>
                <line number="78" hits="0"/>
                <line number="79" hits="0"/>
                <line number="80" hits="0"/>
                <line number="81" hits="0"/>
                <line number="82" hits="0"/>
                <line number="83" hits="0"/>
                <line number="87" hits="0"/>
              </lines>
            </method>
          </methods>
          <lines>
            <line number="34" hits="0"/>
            <line number="42" hits="0"/>
            <line number="43" hits="0"/>
            <line number="44" hits="0"/>
            <line number="47" hits="0"/>
            <line number="49" hits="0"/>
            <line number="51" hits="0"/>
            <line number="53" hits="0"/>
            <line number="55" hits="0"/>
            <line number="56" hits="0"/>
            <line number="59" hits="0"/>
            <line number="62" hits="0"/>
            <line number="63" hits="0"/>
            <line number="66" hits="0"/>
            <line number="67" hits="0"/>
            <line number="68" hits="0"/>
            <line number="69" hits="0"/>
            <line number="70" hits="0"/>
            <line number="71" hits="0"/>
            <line number="72" hits="0"/>
            <line number="73" hits="0"/>
            <line number="74" hits="0"/>
            <line number="75" hits="0"/>
            <line number="76" hits="0"/>
            <line number="77" hits="0"/>
            <line number="78" hits="0"/>
            <line number="79" hits="0"/>
            <line number="80" hits="0"/>
            <line number="81" hits="0"/>
            <line number="82" hits="0"/>
            <line number="83" hits="0"/>
            <line number="87" hits="0"/>
          </lines>
        </class>
      </classes>
    </package>
    <package name="Requests/Concerns/PaginationDates.php" line-rate="0" branch-rate="0" complexity="25">
      <classes>
        <class name="Playground\Http\Requests\Concerns\PaginationDates" filename="Requests/Concerns/PaginationDates.php" line-rate="0" branch-rate="0" complexity="25">
          <methods>
            <method name="getPaginationDates" signature="" line-rate="0" branch-rate="0" complexity="1">
              <lines>
                <line number="32" hits="0"/>
              </lines>
            </method>
            <method name="rules_filters_dates" signature="array $rules" line-rate="0" branch-rate="0" complexity="4">
              <lines>
                <line number="40" hits="0"/>
                <line number="41" hits="0"/>
                <line number="42" hits="0"/>
                <line number="45" hits="0"/>
                <line number="47" hits="0"/>
              </lines>
            </method>
            <method name="prepareForValidationForDates" signature="" line-rate="0" branch-rate="0" complexity="20">
              <lines>
                <line number="65" hits="0"/>
                <line number="67" hits="0"/>
                <line number="68" hits="0"/>
                <line number="69" hits="0"/>
                <line number="78" hits="0"/>
                <line number="79" hits="0"/>
                <line number="80" hits="0"/>
                <line number="81" hits="0"/>
                <line number="82" hits="0"/>
                <line number="83" hits="0"/>
                <line number="84" hits="0"/>
                <line number="85" hits="0"/>
                <line number="86" hits="0"/>
                <line number="87" hits="0"/>
                <line number="88" hits="0"/>
                <line number="89" hits="0"/>
                <line number="90" hits="0"/>
                <line number="92" hits="0"/>
                <line number="93" hits="0"/>
                <line number="96" hits="0"/>
                <line number="98" hits="0"/>
                <line number="99" hits="0"/>
                <line number="100" hits="0"/>
                <line number="102" hits="0"/>
                <line number="105" hits="0"/>
                <line number="106" hits="0"/>
                <line number="107" hits="0"/>
                <line number="108" hits="0"/>
                <line number="109" hits="0"/>
                <line number="112" hits="0"/>
                <line number="113" hits="0"/>
                <line number="114" hits="0"/>
                <line number="115" hits="0"/>
                <line number="116" hits="0"/>
                <line number="117" hits="0"/>
                <line number="119" hits="0"/>
                <line number="123" hits="0"/>
                <line number="124" hits="0"/>
                <line number="132" hits="0"/>
                <line number="139" hits="0"/>
                <line number="140" hits="0"/>
                <line number="142" hits="0"/>
                <line number="145" hits="0"/>
                <line number="146" hits="0"/>
                <line number="147" hits="0"/>
                <line number="158" hits="0"/>
                <line number="159" hits="0"/>
                <line number="160" hits="0"/>
                <line number="161" hits="0"/>
                <line number="164" hits="0"/>
              </lines>
            </method>
          </methods>
          <lines>
            <line number="32" hits="0"/>
            <line number="40" hits="0"/>
            <line number="41" hits="0"/>
            <line number="42" hits="0"/>
            <line number="45" hits="0"/>
            <line number="47" hits="0"/>
            <line number="65" hits="0"/>
            <line number="67" hits="0"/>
            <line number="68" hits="0"/>
            <line number="69" hits="0"/>
            <line number="78" hits="0"/>
            <line number="79" hits="0"/>
            <line number="80" hits="0"/>
            <line number="81" hits="0"/>
            <line number="82" hits="0"/>
            <line number="83" hits="0"/>
            <line number="84" hits="0"/>
            <line number="85" hits="0"/>
            <line number="86" hits="0"/>
            <line number="87" hits="0"/>
            <line number="88" hits="0"/>
            <line number="89" hits="0"/>
            <line number="90" hits="0"/>
            <line number="92" hits="0"/>
            <line number="93" hits="0"/>
            <line number="96" hits="0"/>
            <line number="98" hits="0"/>
            <line number="99" hits="0"/>
            <line number="100" hits="0"/>
            <line number="102" hits="0"/>
            <line number="105" hits="0"/>
            <line number="106" hits="0"/>
            <line number="107" hits="0"/>
            <line number="108" hits="0"/>
            <line number="109" hits="0"/>
            <line number="112" hits="0"/>
            <line number="113" hits="0"/>
            <line number="114" hits="0"/>
            <line number="115" hits="0"/>
            <line number="116" hits="0"/>
            <line number="117" hits="0"/>
            <line number="119" hits="0"/>
            <line number="123" hits="0"/>
            <line number="124" hits="0"/>
            <line number="132" hits="0"/>
            <line number="139" hits="0"/>
            <line number="140" hits="0"/>
            <line number="142" hits="0"/>
            <line number="145" hits="0"/>
            <line number="146" hits="0"/>
            <line number="147" hits="0"/>
            <line number="158" hits="0"/>
            <line number="159" hits="0"/>
            <line number="160" hits="0"/>
            <line number="161" hits="0"/>
            <line number="164" hits="0"/>
          </lines>
        </class>
      </classes>
    </package>
    <package name="Requests/Concerns/PaginationFlags.php" line-rate="0" branch-rate="0" complexity="9">
      <classes>
        <class name="Playground\Http\Requests\Concerns\PaginationFlags" filename="Requests/Concerns/PaginationFlags.php" line-rate="0" branch-rate="0" complexity="9">
          <methods>
            <method name="getPaginationFlags" signature="" line-rate="0" branch-rate="0" complexity="1">
              <lines>
                <line number="28" hits="0"/>
              </lines>
            </method>
            <method name="rules_filters_flags" signature="array $rules" line-rate="0" branch-rate="0" complexity="8">
              <lines>
                <line number="36" hits="0"/>
                <line number="37" hits="0"/>
                <line number="38" hits="0"/>
                <line number="41" hits="0"/>
                <line number="43" hits="0"/>
                <line number="44" hits="0"/>
                <line number="45" hits="0"/>
                <line number="46" hits="0"/>
                <line number="48" hits="0"/>
                <line number="51" hits="0"/>
                <line number="53" hits="0"/>
                <line number="54" hits="0"/>
                <line number="57" hits="0"/>
                <line number="59" hits="0"/>
              </lines>
            </method>
          </methods>
          <lines>
            <line number="28" hits="0"/>
            <line number="36" hits="0"/>
            <line number="37" hits="0"/>
            <line number="38" hits="0"/>
            <line number="41" hits="0"/>
            <line number="43" hits="0"/>
            <line number="44" hits="0"/>
            <line number="45" hits="0"/>
            <line number="46" hits="0"/>
            <line number="48" hits="0"/>
            <line number="51" hits="0"/>
            <line number="53" hits="0"/>
            <line number="54" hits="0"/>
            <line number="57" hits="0"/>
            <line number="59" hits="0"/>
          </lines>
        </class>
      </classes>
    </package>
    <package name="Requests/Concerns/PaginationIds.php" line-rate="0" branch-rate="0" complexity="24">
      <classes>
        <class name="Playground\Http\Requests\Concerns\PaginationIds" filename="Requests/Concerns/PaginationIds.php" line-rate="0" branch-rate="0" complexity="24">
          <methods>
            <method name="getPaginationIds" signature="" line-rate="0" branch-rate="0" complexity="1">
              <lines>
                <line number="30" hits="0"/>
              </lines>
            </method>
            <method name="rules_filters_ids" signature="array $rules" line-rate="0" branch-rate="0" complexity="4">
              <lines>
                <line number="38" hits="0"/>
                <line number="39" hits="0"/>
                <line number="40" hits="0"/>
                <line number="43" hits="0"/>
                <line number="45" hits="0"/>
              </lines>
            </method>
            <method name="prepareForValidationIds" signature="" line-rate="0" branch-rate="0" complexity="19">
              <lines>
                <line number="54" hits="0"/>
                <line number="55" hits="0"/>
                <line number="57" hits="0"/>
                <line number="59" hits="0"/>
                <line number="60" hits="0"/>
                <line number="61" hits="0"/>
                <line number="62" hits="0"/>
                <line number="63" hits="0"/>
                <line number="64" hits="0"/>
                <line number="65" hits="0"/>
                <line number="66" hits="0"/>
                <line number="69" hits="0"/>
                <line number="70" hits="0"/>
                <line number="74" hits="0"/>
                <line number="75" hits="0"/>
                <line number="76" hits="0"/>
                <line number="77" hits="0"/>
                <line number="79" hits="0"/>
                <line number="80" hits="0"/>
                <line number="84" hits="0"/>
                <line number="85" hits="0"/>
                <line number="86" hits="0"/>
                <line number="87" hits="0"/>
                <line number="90" hits="0"/>
              </lines>
            </method>
          </methods>
          <lines>
            <line number="30" hits="0"/>
            <line number="38" hits="0"/>
            <line number="39" hits="0"/>
            <line number="40" hits="0"/>
            <line number="43" hits="0"/>
            <line number="45" hits="0"/>
            <line number="54" hits="0"/>
            <line number="55" hits="0"/>
            <line number="57" hits="0"/>
            <line number="59" hits="0"/>
            <line number="60" hits="0"/>
            <line number="61" hits="0"/>
            <line number="62" hits="0"/>
            <line number="63" hits="0"/>
            <line number="64" hits="0"/>
            <line number="65" hits="0"/>
            <line number="66" hits="0"/>
            <line number="69" hits="0"/>
            <line number="70" hits="0"/>
            <line number="74" hits="0"/>
            <line number="75" hits="0"/>
            <line number="76" hits="0"/>
            <line number="77" hits="0"/>
            <line number="79" hits="0"/>
            <line number="80" hits="0"/>
            <line number="84" hits="0"/>
            <line number="85" hits="0"/>
            <line number="86" hits="0"/>
            <line number="87" hits="0"/>
            <line number="90" hits="0"/>
          </lines>
        </class>
      </classes>
    </package>
    <package name="Requests/Concerns/PaginationOperators.php" line-rate="0" branch-rate="0" complexity="1">
      <classes>
        <class name="Playground\Http\Requests\Concerns\PaginationOperators" filename="Requests/Concerns/PaginationOperators.php" line-rate="0" branch-rate="0" complexity="1">
          <methods>
            <method name="getPaginationOperators" signature="" line-rate="0" branch-rate="0" complexity="1">
              <lines>
                <line number="19" hits="0"/>
                <line number="20" hits="0"/>
                <line number="21" hits="0"/>
                <line number="22" hits="0"/>
                <line number="23" hits="0"/>
                <line number="24" hits="0"/>
                <line number="25" hits="0"/>
                <line number="26" hits="0"/>
                <line number="27" hits="0"/>
                <line number="28" hits="0"/>
                <line number="29" hits="0"/>
                <line number="30" hits="0"/>
                <line number="31" hits="0"/>
                <line number="32" hits="0"/>
                <line number="33" hits="0"/>
                <line number="34" hits="0"/>
                <line number="35" hits="0"/>
              </lines>
            </method>
          </methods>
          <lines>
            <line number="19" hits="0"/>
            <line number="20" hits="0"/>
            <line number="21" hits="0"/>
            <line number="22" hits="0"/>
            <line number="23" hits="0"/>
            <line number="24" hits="0"/>
            <line number="25" hits="0"/>
            <line number="26" hits="0"/>
            <line number="27" hits="0"/>
            <line number="28" hits="0"/>
            <line number="29" hits="0"/>
            <line number="30" hits="0"/>
            <line number="31" hits="0"/>
            <line number="32" hits="0"/>
            <line number="33" hits="0"/>
            <line number="34" hits="0"/>
            <line number="35" hits="0"/>
          </lines>
        </class>
      </classes>
    </package>
    <package name="Requests/Concerns/PaginationSortable.php" line-rate="0" branch-rate="0" complexity="7">
      <classes>
        <class name="Playground\Http\Requests\Concerns\PaginationSortable" filename="Requests/Concerns/PaginationSortable.php" line-rate="0" branch-rate="0" complexity="7">
          <methods>
            <method name="getSortable" signature="" line-rate="0" branch-rate="0" complexity="1">
              <lines>
                <line number="31" hits="0"/>
              </lines>
            </method>
            <method name="rules_sortable" signature="array $rules" line-rate="0" branch-rate="0" complexity="2">
              <lines>
                <line number="39" hits="0"/>
                <line number="41" hits="0"/>
                <line number="42" hits="0"/>
                <line number="43" hits="0"/>
                <line number="44" hits="0"/>
                <line number="45" hits="0"/>
                <line number="46" hits="0"/>
                <line number="47" hits="0"/>
                <line number="48" hits="0"/>
                <line number="49" hits="0"/>
              </lines>
            </method>
            <method name="prepareForValidationSort" signature="" line-rate="0" branch-rate="0" complexity="4">
              <lines>
                <line number="58" hits="0"/>
                <line number="60" hits="0"/>
                <line number="62" hits="0"/>
                <line number="63" hits="0"/>
                <line number="65" hits="0"/>
                <line number="66" hits="0"/>
                <line number="67" hits="0"/>
                <line number="71" hits="0"/>
                <line number="72" hits="0"/>
                <line number="73" hits="0"/>
                <line number="75" hits="0"/>
              </lines>
            </method>
          </methods>
          <lines>
            <line number="31" hits="0"/>
            <line number="39" hits="0"/>
            <line number="41" hits="0"/>
            <line number="42" hits="0"/>
            <line number="43" hits="0"/>
            <line number="44" hits="0"/>
            <line number="45" hits="0"/>
            <line number="46" hits="0"/>
            <line number="47" hits="0"/>
            <line number="48" hits="0"/>
            <line number="49" hits="0"/>
            <line number="58" hits="0"/>
            <line number="60" hits="0"/>
            <line number="62" hits="0"/>
            <line number="63" hits="0"/>
            <line number="65" hits="0"/>
            <line number="66" hits="0"/>
            <line number="67" hits="0"/>
            <line number="71" hits="0"/>
            <line number="72" hits="0"/>
            <line number="73" hits="0"/>
            <line number="75" hits="0"/>
          </lines>
        </class>
      </classes>
    </package>
    <package name="Requests/Concerns/StoreContent.php" line-rate="1" branch-rate="0" complexity="17">
      <classes>
        <class name="Playground\Http\Requests\Concerns\StoreContent" filename="Requests/Concerns/StoreContent.php" line-rate="1" branch-rate="0" complexity="17">
          <methods>
            <method name="exorcise" signature="mixed $content" line-rate="1" branch-rate="0" complexity="2">
              <lines>
                <line number="28" hits="1"/>
                <line number="29" hits="1"/>
                <line number="30" hits="1"/>
                <line number="31" hits="1"/>
              </lines>
            </method>
            <method name="purify" signature="mixed $content" line-rate="1" branch-rate="0" complexity="2">
              <lines>
                <line number="39" hits="1"/>
              </lines>
            </method>
            <method name="getHtmlPurifier" signature="array $config" line-rate="1" branch-rate="0" complexity="13">
              <lines>
                <line number="49" hits="4"/>
                <line number="50" hits="4"/>
                <line number="55" hits="4"/>
                <line number="57" hits="4"/>
                <line number="59" hits="4"/>
                <line number="61" hits="4"/>
                <line number="62" hits="4"/>
                <line number="64" hits="1"/>
                <line number="67" hits="4"/>
                <line number="68" hits="4"/>
                <line number="70" hits="1"/>
                <line number="74" hits="4"/>
                <line number="75" hits="1"/>
                <line number="78" hits="4"/>
                <line number="79" hits="4"/>
                <line number="80" hits="4"/>
                <line number="83" hits="4"/>
                <line number="86" hits="4"/>
              </lines>
            </method>
          </methods>
          <lines>
            <line number="28" hits="1"/>
            <line number="29" hits="1"/>
            <line number="30" hits="1"/>
            <line number="31" hits="1"/>
            <line number="39" hits="1"/>
            <line number="49" hits="4"/>
            <line number="50" hits="4"/>
            <line number="55" hits="4"/>
            <line number="57" hits="4"/>
            <line number="59" hits="4"/>
            <line number="61" hits="4"/>
            <line number="62" hits="4"/>
            <line number="64" hits="1"/>
            <line number="67" hits="4"/>
            <line number="68" hits="4"/>
            <line number="70" hits="1"/>
            <line number="74" hits="4"/>
            <line number="75" hits="1"/>
            <line number="78" hits="4"/>
            <line number="79" hits="4"/>
            <line number="80" hits="4"/>
            <line number="83" hits="4"/>
            <line number="86" hits="4"/>
          </lines>
        </class>
      </classes>
    </package>
    <package name="Requests/Concerns/StoreFilter.php" line-rate="0.81645569620253" branch-rate="0" complexity="98">
      <classes>
        <class name="Playground\Http\Requests\Concerns\StoreFilter" filename="Requests/Concerns/StoreFilter.php" line-rate="0.81645569620253" branch-rate="0" complexity="98">
          <methods>
            <method name="filterArray" signature="mixed $value" line-rate="1" branch-rate="0" complexity="4">
              <lines>
                <line number="33" hits="1"/>
                <line number="34" hits="1"/>
                <line number="35" hits="1"/>
                <line number="36" hits="1"/>
                <line number="39" hits="1"/>
              </lines>
            </method>
            <method name="filterArrayToJson" signature="mixed $value" line-rate="1" branch-rate="0" complexity="3">
              <lines>
                <line number="52" hits="1"/>
                <line number="53" hits="1"/>
                <line number="54" hits="1"/>
                <line number="55" hits="1"/>
                <line number="57" hits="1"/>
              </lines>
            </method>
            <method name="filterBits" signature="$value, $exponent" line-rate="1" branch-rate="0" complexity="2">
              <lines>
                <line number="69" hits="2"/>
                <line number="74" hits="2"/>
                <line number="77" hits="2"/>
                <line number="78" hits="2"/>
                <line number="81" hits="2"/>
              </lines>
            </method>
            <method name="filterBoolean" signature="mixed $value" line-rate="1" branch-rate="0" complexity="4">
              <lines>
                <line number="91" hits="1"/>
                <line number="92" hits="1"/>
                <line number="93" hits="1"/>
                <line number="94" hits="1"/>
                <line number="96" hits="1"/>
              </lines>
            </method>
            <method name="filterDate" signature="mixed $value, $locale" line-rate="1" branch-rate="0" complexity="6">
              <lines>
                <line number="108" hits="1"/>
                <line number="109" hits="1"/>
                <line number="110" hits="1"/>
                <line number="112" hits="1"/>
                <line number="115" hits="1"/>
                <line number="116" hits="1"/>
                <line number="118" hits="1"/>
              </lines>
            </method>
            <method name="filterDateAsCarbon" signature="$value, $locale" line-rate="1" branch-rate="0" complexity="2">
              <lines>
                <line number="130" hits="1"/>
                <line number="131" hits="1"/>
                <line number="135" hits="1"/>
              </lines>
            </method>
            <method name="filterEmail" signature="mixed $email" line-rate="1" branch-rate="0" complexity="3">
              <lines>
                <line number="145" hits="1"/>
                <line number="147" hits="1"/>
              </lines>
            </method>
            <method name="filterFloat" signature="mixed $value, $locale" line-rate="1" branch-rate="0" complexity="4">
              <lines>
                <line number="158" hits="2"/>
                <line number="159" hits="1"/>
                <line number="162" hits="2"/>
              </lines>
            </method>
            <method name="filterHtml" signature="mixed $content" line-rate="1" branch-rate="0" complexity="3">
              <lines>
                <line number="178" hits="1"/>
                <line number="179" hits="1"/>
                <line number="180" hits="1"/>
                <line number="181" hits="1"/>
                <line number="182" hits="1"/>
                <line number="184" hits="1"/>
              </lines>
            </method>
            <method name="filterInteger" signature="mixed $value, $locale" line-rate="1" branch-rate="0" complexity="4">
              <lines>
                <line number="195" hits="1"/>
                <line number="196" hits="1"/>
                <line number="204" hits="1"/>
              </lines>
            </method>
            <method name="filterIntegerId" signature="mixed $value" line-rate="1" branch-rate="0" complexity="3">
              <lines>
                <line number="215" hits="1"/>
              </lines>
            </method>
            <method name="filterIntegerPositive" signature="mixed $value, $absolute" line-rate="1" branch-rate="0" complexity="4">
              <lines>
                <line number="226" hits="1"/>
                <line number="228" hits="1"/>
              </lines>
            </method>
            <method name="filterPercent" signature="mixed $value, $locale" line-rate="1" branch-rate="0" complexity="4">
              <lines>
                <line number="241" hits="1"/>
                <line number="242" hits="1"/>
                <line number="245" hits="1"/>
                <line number="246" hits="1"/>
                <line number="249" hits="1"/>
              </lines>
            </method>
            <method name="filterPhone" signature="mixed $value, string $locale" line-rate="0.97560975609756" branch-rate="0" complexity="5">
              <lines>
                <line number="257" hits="1"/>
                <line number="258" hits="1"/>
                <line number="261" hits="1"/>
                <line number="262" hits="0"/>
                <line number="265" hits="1"/>
                <line number="267" hits="1"/>
                <line number="268" hits="1"/>
                <line number="269" hits="1"/>
                <line number="270" hits="1"/>
                <line number="271" hits="1"/>
                <line number="272" hits="1"/>
                <line number="273" hits="1"/>
                <line number="274" hits="1"/>
                <line number="275" hits="1"/>
                <line number="276" hits="1"/>
                <line number="277" hits="1"/>
                <line number="278" hits="1"/>
                <line number="279" hits="1"/>
                <line number="280" hits="1"/>
                <line number="281" hits="1"/>
                <line number="282" hits="1"/>
                <line number="283" hits="1"/>
                <line number="284" hits="1"/>
                <line number="285" hits="1"/>
                <line number="286" hits="1"/>
                <line number="287" hits="1"/>
                <line number="288" hits="1"/>
                <line number="289" hits="1"/>
                <line number="290" hits="1"/>
                <line number="291" hits="1"/>
                <line number="292" hits="1"/>
                <line number="293" hits="1"/>
                <line number="294" hits="1"/>
                <line number="295" hits="1"/>
                <line number="296" hits="1"/>
                <line number="297" hits="1"/>
                <line number="298" hits="1"/>
                <line number="299" hits="1"/>
                <line number="300" hits="1"/>
                <line number="301" hits="1"/>
                <line number="304" hits="1"/>
              </lines>
            </method>
            <method name="filterStatus" signature="array $input" line-rate="1" branch-rate="0" complexity="7">
              <lines>
                <line number="314" hits="5"/>
                <line number="315" hits="1"/>
                <line number="318" hits="4"/>
                <line number="320" hits="4"/>
                <line number="321" hits="3"/>
                <line number="325" hits="4"/>
                <line number="326" hits="1"/>
                <line number="327" hits="1"/>
                <line number="328" hits="1"/>
                <line number="329" hits="1"/>
              </lines>
            </method>
            <method name="filterCommonFields" signature="array $input" line-rate="0" branch-rate="0" complexity="9">
              <lines>
                <line number="342" hits="0"/>
                <line number="343" hits="0"/>
                <line number="346" hits="0"/>
                <line number="347" hits="0"/>
                <line number="350" hits="0"/>
                <line number="351" hits="0"/>
                <line number="354" hits="0"/>
                <line number="355" hits="0"/>
                <line number="358" hits="0"/>
                <line number="359" hits="0"/>
                <line number="362" hits="0"/>
                <line number="363" hits="0"/>
                <line number="366" hits="0"/>
                <line number="367" hits="0"/>
                <line number="370" hits="0"/>
                <line number="371" hits="0"/>
              </lines>
            </method>
            <method name="filterContentFields" signature="array $input" line-rate="0" branch-rate="0" complexity="5">
              <lines>
                <line number="382" hits="0"/>
                <line number="383" hits="0"/>
                <line number="386" hits="0"/>
                <line number="387" hits="0"/>
                <line number="390" hits="0"/>
                <line number="391" hits="0"/>
                <line number="394" hits="0"/>
                <line number="395" hits="0"/>
              </lines>
            </method>
            <method name="filterSystemFields" signature="array $input" line-rate="1" branch-rate="0" complexity="19">
              <lines>
                <line number="407" hits="6"/>
                <line number="408" hits="1"/>
                <line number="409" hits="1"/>
                <line number="410" hits="1"/>
                <line number="417" hits="6"/>
                <line number="419" hits="6"/>
                <line number="420" hits="2"/>
                <line number="421" hits="2"/>
                <line number="422" hits="2"/>
                <line number="426" hits="6"/>
                <line number="427" hits="2"/>
                <line number="428" hits="2"/>
                <line number="429" hits="2"/>
                <line number="432" hits="6"/>
                <line number="433" hits="2"/>
                <line number="434" hits="2"/>
                <line number="435" hits="2"/>
                <line number="439" hits="6"/>
                <line number="440" hits="1"/>
                <line number="441" hits="1"/>
                <line number="442" hits="1"/>
                <line number="446" hits="6"/>
                <line number="447" hits="1"/>
                <line number="448" hits="1"/>
                <line number="449" hits="1"/>
              </lines>
            </method>
            <method name="filterUri" signature="mixed $value" line-rate="0" branch-rate="0" complexity="4">
              <lines>
                <line number="459" hits="0"/>
                <line number="460" hits="0"/>
                <line number="463" hits="0"/>
                <line number="465" hits="0"/>
              </lines>
            </method>
            <method name="filterUuid" signature="mixed $value" line-rate="1" branch-rate="0" complexity="3">
              <lines>
                <line number="475" hits="1"/>
                <line number="476" hits="1"/>
              </lines>
            </method>
          </methods>
          <lines>
            <line number="33" hits="1"/>
            <line number="34" hits="1"/>
            <line number="35" hits="1"/>
            <line number="36" hits="1"/>
            <line number="39" hits="1"/>
            <line number="52" hits="1"/>
            <line number="53" hits="1"/>
            <line number="54" hits="1"/>
            <line number="55" hits="1"/>
            <line number="57" hits="1"/>
            <line number="69" hits="2"/>
            <line number="74" hits="2"/>
            <line number="77" hits="2"/>
            <line number="78" hits="2"/>
            <line number="81" hits="2"/>
            <line number="91" hits="1"/>
            <line number="92" hits="1"/>
            <line number="93" hits="1"/>
            <line number="94" hits="1"/>
            <line number="96" hits="1"/>
            <line number="108" hits="1"/>
            <line number="109" hits="1"/>
            <line number="110" hits="1"/>
            <line number="112" hits="1"/>
            <line number="115" hits="1"/>
            <line number="116" hits="1"/>
            <line number="118" hits="1"/>
            <line number="130" hits="1"/>
            <line number="131" hits="1"/>
            <line number="135" hits="1"/>
            <line number="145" hits="1"/>
            <line number="147" hits="1"/>
            <line number="158" hits="2"/>
            <line number="159" hits="1"/>
            <line number="162" hits="2"/>
            <line number="178" hits="1"/>
            <line number="179" hits="1"/>
            <line number="180" hits="1"/>
            <line number="181" hits="1"/>
            <line number="182" hits="1"/>
            <line number="184" hits="1"/>
            <line number="195" hits="1"/>
            <line number="196" hits="1"/>
            <line number="204" hits="1"/>
            <line number="215" hits="1"/>
            <line number="226" hits="1"/>
            <line number="228" hits="1"/>
            <line number="241" hits="1"/>
            <line number="242" hits="1"/>
            <line number="245" hits="1"/>
            <line number="246" hits="1"/>
            <line number="249" hits="1"/>
            <line number="257" hits="1"/>
            <line number="258" hits="1"/>
            <line number="261" hits="1"/>
            <line number="262" hits="0"/>
            <line number="265" hits="1"/>
            <line number="267" hits="1"/>
            <line number="268" hits="1"/>
            <line number="269" hits="1"/>
            <line number="270" hits="1"/>
            <line number="271" hits="1"/>
            <line number="272" hits="1"/>
            <line number="273" hits="1"/>
            <line number="274" hits="1"/>
            <line number="275" hits="1"/>
            <line number="276" hits="1"/>
            <line number="277" hits="1"/>
            <line number="278" hits="1"/>
            <line number="279" hits="1"/>
            <line number="280" hits="1"/>
            <line number="281" hits="1"/>
            <line number="282" hits="1"/>
            <line number="283" hits="1"/>
            <line number="284" hits="1"/>
            <line number="285" hits="1"/>
            <line number="286" hits="1"/>
            <line number="287" hits="1"/>
            <line number="288" hits="1"/>
            <line number="289" hits="1"/>
            <line number="290" hits="1"/>
            <line number="291" hits="1"/>
            <line number="292" hits="1"/>
            <line number="293" hits="1"/>
            <line number="294" hits="1"/>
            <line number="295" hits="1"/>
            <line number="296" hits="1"/>
            <line number="297" hits="1"/>
            <line number="298" hits="1"/>
            <line number="299" hits="1"/>
            <line number="300" hits="1"/>
            <line number="301" hits="1"/>
            <line number="304" hits="1"/>
            <line number="314" hits="5"/>
            <line number="315" hits="1"/>
            <line number="318" hits="4"/>
            <line number="320" hits="4"/>
            <line number="321" hits="3"/>
            <line number="325" hits="4"/>
            <line number="326" hits="1"/>
            <line number="327" hits="1"/>
            <line number="328" hits="1"/>
            <line number="329" hits="1"/>
            <line number="342" hits="0"/>
            <line number="343" hits="0"/>
            <line number="346" hits="0"/>
            <line number="347" hits="0"/>
            <line number="350" hits="0"/>
            <line number="351" hits="0"/>
            <line number="354" hits="0"/>
            <line number="355" hits="0"/>
            <line number="358" hits="0"/>
            <line number="359" hits="0"/>
            <line number="362" hits="0"/>
            <line number="363" hits="0"/>
            <line number="366" hits="0"/>
            <line number="367" hits="0"/>
            <line number="370" hits="0"/>
            <line number="371" hits="0"/>
            <line number="382" hits="0"/>
            <line number="383" hits="0"/>
            <line number="386" hits="0"/>
            <line number="387" hits="0"/>
            <line number="390" hits="0"/>
            <line number="391" hits="0"/>
            <line number="394" hits="0"/>
            <line number="395" hits="0"/>
            <line number="407" hits="6"/>
            <line number="408" hits="1"/>
            <line number="409" hits="1"/>
            <line number="410" hits="1"/>
            <line number="417" hits="6"/>
            <line number="419" hits="6"/>
            <line number="420" hits="2"/>
            <line number="421" hits="2"/>
            <line number="422" hits="2"/>
            <line number="426" hits="6"/>
            <line number="427" hits="2"/>
            <line number="428" hits="2"/>
            <line number="429" hits="2"/>
            <line number="432" hits="6"/>
            <line number="433" hits="2"/>
            <line number="434" hits="2"/>
            <line number="435" hits="2"/>
            <line number="439" hits="6"/>
            <line number="440" hits="1"/>
            <line number="441" hits="1"/>
            <line number="442" hits="1"/>
            <line number="446" hits="6"/>
            <line number="447" hits="1"/>
            <line number="448" hits="1"/>
            <line number="449" hits="1"/>
            <line number="459" hits="0"/>
            <line number="460" hits="0"/>
            <line number="463" hits="0"/>
            <line number="465" hits="0"/>
            <line number="475" hits="1"/>
            <line number="476" hits="1"/>
          </lines>
        </class>
      </classes>
    </package>
    <package name="Requests/Concerns/StoreSlug.php" line-rate="0" branch-rate="0" complexity="18">
      <classes>
        <class name="Playground\Http\Requests\Concerns\StoreSlug" filename="Requests/Concerns/StoreSlug.php" line-rate="0" branch-rate="0" complexity="18">
          <methods>
            <method name="rules_store_slug_create" signature="array $rules" line-rate="0" branch-rate="0" complexity="2">
              <lines>
                <line number="23" hits="0"/>
                <line number="24" hits="0"/>
                <line number="25" hits="0"/>
                <line number="26" hits="0"/>
                <line number="28" hits="0"/>
                <line number="29" hits="0"/>
              </lines>
            </method>
            <method name="rules_store_slug_update" signature="array $rules" line-rate="0" branch-rate="0" complexity="2">
              <lines>
                <line number="38" hits="0"/>
                <line number="39" hits="0"/>
                <line number="40" hits="0"/>
                <line number="41" hits="0"/>
                <line number="43" hits="0"/>
                <line number="47" hits="0"/>
                <line number="48" hits="0"/>
              </lines>
            </method>
            <method name="prepareForValidationForSlug" signature="" line-rate="0" branch-rate="0" complexity="14">
              <lines>
                <line number="57" hits="0"/>
                <line number="58" hits="0"/>
                <line number="59" hits="0"/>
                <line number="61" hits="0"/>
                <line number="63" hits="0"/>
                <line number="64" hits="0"/>
                <line number="65" hits="0"/>
                <line number="66" hits="0"/>
                <line number="67" hits="0"/>
                <line number="68" hits="0"/>
                <line number="69" hits="0"/>
                <line number="71" hits="0"/>
                <line number="72" hits="0"/>
                <line number="73" hits="0"/>
                <line number="86" hits="0"/>
                <line number="87" hits="0"/>
                <line number="88" hits="0"/>
                <line number="89" hits="0"/>
                <line number="92" hits="0"/>
                <line number="93" hits="0"/>
                <line number="94" hits="0"/>
                <line number="95" hits="0"/>
                <line number="96" hits="0"/>
              </lines>
            </method>
          </methods>
          <lines>
            <line number="23" hits="0"/>
            <line number="24" hits="0"/>
            <line number="25" hits="0"/>
            <line number="26" hits="0"/>
            <line number="28" hits="0"/>
            <line number="29" hits="0"/>
            <line number="38" hits="0"/>
            <line number="39" hits="0"/>
            <line number="40" hits="0"/>
            <line number="41" hits="0"/>
            <line number="43" hits="0"/>
            <line number="47" hits="0"/>
            <line number="48" hits="0"/>
            <line number="57" hits="0"/>
            <line number="58" hits="0"/>
            <line number="59" hits="0"/>
            <line number="61" hits="0"/>
            <line number="63" hits="0"/>
            <line number="64" hits="0"/>
            <line number="65" hits="0"/>
            <line number="66" hits="0"/>
            <line number="67" hits="0"/>
            <line number="68" hits="0"/>
            <line number="69" hits="0"/>
            <line number="71" hits="0"/>
            <line number="72" hits="0"/>
            <line number="73" hits="0"/>
            <line number="86" hits="0"/>
            <line number="87" hits="0"/>
            <line number="88" hits="0"/>
            <line number="89" hits="0"/>
            <line number="92" hits="0"/>
            <line number="93" hits="0"/>
            <line number="94" hits="0"/>
            <line number="95" hits="0"/>
            <line number="96" hits="0"/>
          </lines>
        </class>
      </classes>
    </package>
    <package name="Requests/Contracts/PaginationColumns.php" line-rate="0" branch-rate="0" complexity="0">
      <classes/>
    </package>
    <package name="Requests/Contracts/PaginationDates.php" line-rate="0" branch-rate="0" complexity="0">
      <classes/>
    </package>
    <package name="Requests/Contracts/PaginationFlags.php" line-rate="0" branch-rate="0" complexity="0">
      <classes/>
    </package>
    <package name="Requests/Contracts/PaginationIds.php" line-rate="0" branch-rate="0" complexity="0">
      <classes/>
    </package>
    <package name="Requests/Contracts/PaginationOperators.php" line-rate="0" branch-rate="0" complexity="0">
      <classes/>
    </package>
    <package name="Requests/Contracts/PaginationSortable.php" line-rate="0" branch-rate="0" complexity="0">
      <classes/>
    </package>
    <package name="Requests/Contracts/StoreContent.php" line-rate="0" branch-rate="0" complexity="0">
      <classes/>
    </package>
    <package name="Requests/Contracts/StoreFilter.php" line-rate="0" branch-rate="0" complexity="0">
      <classes/>
    </package>
    <package name="Requests/Contracts/StoreSlug.php" line-rate="0" branch-rate="0" complexity="0">
      <classes/>
    </package>
    <package name="Requests/FormRequest.php" line-rate="0" branch-rate="0" complexity="4">
      <classes>
        <class name="Playground\Http\Requests\FormRequest" filename="Requests/FormRequest.php" line-rate="0" branch-rate="0" complexity="4">
          <methods>
            <method name="authorize" signature="" line-rate="0" branch-rate="0" complexity="2">
              <lines>
                <line number="27" hits="0"/>
                <line number="29" hits="0"/>
                <line number="30" hits="0"/>
                <line number="33" hits="0"/>
              </lines>
            </method>
            <method name="rules" signature="" line-rate="0" branch-rate="0" complexity="2">
              <lines>
                <line number="43" hits="0"/>
                <line number="45" hits="0"/>
              </lines>
            </method>
          </methods>
          <lines>
            <line number="27" hits="0"/>
            <line number="29" hits="0"/>
            <line number="30" hits="0"/>
            <line number="33" hits="0"/>
            <line number="43" hits="0"/>
            <line number="45" hits="0"/>
          </lines>
        </class>
      </classes>
    </package>
    <package name="Requests/IndexRequest.php" line-rate="0" branch-rate="0" complexity="15">
      <classes>
        <class name="Playground\Http\Requests\IndexRequest" filename="Requests/IndexRequest.php" line-rate="0" branch-rate="0" complexity="15">
          <methods>
            <method name="rules" signature="" line-rate="0" branch-rate="0" complexity="1">
              <lines>
                <line number="68" hits="0"/>
                <line number="70" hits="0"/>
                <line number="82" hits="0"/>
              </lines>
            </method>
            <method name="rules_filters" signature="array $rules" line-rate="0" branch-rate="0" complexity="5">
              <lines>
                <line number="90" hits="0"/>
                <line number="91" hits="0"/>
                <line number="93" hits="0"/>
                <line number="94" hits="0"/>
                <line number="96" hits="0"/>
                <line number="97" hits="0"/>
                <line number="99" hits="0"/>
                <line number="100" hits="0"/>
              </lines>
            </method>
            <method name="prepareForValidation" signature="" line-rate="0" branch-rate="0" complexity="4">
              <lines>
                <line number="116" hits="0"/>
                <line number="118" hits="0"/>
                <line number="119" hits="0"/>
                <line number="122" hits="0"/>
                <line number="123" hits="0"/>
                <line number="126" hits="0"/>
                <line number="127" hits="0"/>
              </lines>
            </method>
            <method name="passedValidation" signature="" line-rate="0" branch-rate="0" complexity="1">
              <lines>
                <line number="139" hits="0"/>
              </lines>
            </method>
            <method name="prepareForValidationPagination" signature="" line-rate="0" branch-rate="0" complexity="4">
              <lines>
                <line number="146" hits="0"/>
                <line number="147" hits="0"/>
                <line number="148" hits="0"/>
                <line number="149" hits="0"/>
                <line number="150" hits="0"/>
                <line number="152" hits="0"/>
                <line number="153" hits="0"/>
                <line number="154" hits="0"/>
                <line number="155" hits="0"/>
                <line number="157" hits="0"/>
                <line number="158" hits="0"/>
                <line number="159" hits="0"/>
                <line number="160" hits="0"/>
              </lines>
            </method>
          </methods>
          <lines>
            <line number="68" hits="0"/>
            <line number="70" hits="0"/>
            <line number="82" hits="0"/>
            <line number="90" hits="0"/>
            <line number="91" hits="0"/>
            <line number="93" hits="0"/>
            <line number="94" hits="0"/>
            <line number="96" hits="0"/>
            <line number="97" hits="0"/>
            <line number="99" hits="0"/>
            <line number="100" hits="0"/>
            <line number="116" hits="0"/>
            <line number="118" hits="0"/>
            <line number="119" hits="0"/>
            <line number="122" hits="0"/>
            <line number="123" hits="0"/>
            <line number="126" hits="0"/>
            <line number="127" hits="0"/>
            <line number="139" hits="0"/>
            <line number="146" hits="0"/>
            <line number="147" hits="0"/>
            <line number="148" hits="0"/>
            <line number="149" hits="0"/>
            <line number="150" hits="0"/>
            <line number="152" hits="0"/>
            <line number="153" hits="0"/>
            <line number="154" hits="0"/>
            <line number="155" hits="0"/>
            <line number="157" hits="0"/>
            <line number="158" hits="0"/>
            <line number="159" hits="0"/>
            <line number="160" hits="0"/>
          </lines>
        </class>
      </classes>
    </package>
    <package name="Requests/StoreRequest.php" line-rate="0" branch-rate="0" complexity="5">
      <classes>
        <class name="Playground\Http\Requests\StoreRequest" filename="Requests/StoreRequest.php" line-rate="0" branch-rate="0" complexity="5">
          <methods>
            <method name="messages" signature="" line-rate="0" branch-rate="0" complexity="1">
              <lines>
                <line number="23" hits="0"/>
                <line number="25" hits="0"/>
                <line number="26" hits="0"/>
              </lines>
            </method>
            <method name="rules" signature="" line-rate="0" branch-rate="0" complexity="2">
              <lines>
                <line number="36" hits="0"/>
                <line number="38" hits="0"/>
                <line number="39" hits="0"/>
                <line number="52" hits="0"/>
              </lines>
            </method>
            <method name="prepareForValidation" signature="" line-rate="0" branch-rate="0" complexity="2">
              <lines>
                <line number="62" hits="0"/>
                <line number="63" hits="0"/>
              </lines>
            </method>
          </methods>
          <lines>
            <line number="23" hits="0"/>
            <line number="25" hits="0"/>
            <line number="26" hits="0"/>
            <line number="36" hits="0"/>
            <line number="38" hits="0"/>
            <line number="39" hits="0"/>
            <line number="52" hits="0"/>
            <line number="62" hits="0"/>
            <line number="63" hits="0"/>
          </lines>
        </class>
      </classes>
    </package>
    <package name="Requests/UpdateRequest.php" line-rate="0" branch-rate="0" complexity="5">
      <classes>
        <class name="Playground\Http\Requests\UpdateRequest" filename="Requests/UpdateRequest.php" line-rate="0" branch-rate="0" complexity="5">
          <methods>
            <method name="messages" signature="" line-rate="0" branch-rate="0" complexity="1">
              <lines>
                <line number="23" hits="0"/>
                <line number="25" hits="0"/>
                <line number="26" hits="0"/>
              </lines>
            </method>
            <method name="rules" signature="" line-rate="0" branch-rate="0" complexity="2">
              <lines>
                <line number="36" hits="0"/>
                <line number="38" hits="0"/>
                <line number="39" hits="0"/>
                <line number="52" hits="0"/>
              </lines>
            </method>
            <method name="prepareForValidation" signature="" line-rate="0" branch-rate="0" complexity="2">
              <lines>
                <line number="62" hits="0"/>
                <line number="63" hits="0"/>
              </lines>
            </method>
          </methods>
          <lines>
            <line number="23" hits="0"/>
            <line number="25" hits="0"/>
            <line number="26" hits="0"/>
            <line number="36" hits="0"/>
            <line number="38" hits="0"/>
            <line number="39" hits="0"/>
            <line number="52" hits="0"/>
            <line number="62" hits="0"/>
            <line number="63" hits="0"/>
          </lines>
        </class>
      </classes>
    </package>
    <package name="ServiceProvider.php" line-rate="1" branch-rate="0" complexity="14">
      <classes>
        <class name="Playground\Http\ServiceProvider" filename="ServiceProvider.php" line-rate="1" branch-rate="0" complexity="14">
          <methods>
            <method name="boot" signature="" line-rate="1" branch-rate="0" complexity="5">
              <lines>
                <line number="32" hits="32"/>
                <line number="34" hits="32"/>
                <line number="36" hits="32"/>
                <line number="37" hits="32"/>
                <line number="38" hits="32"/>
                <line number="39" hits="32"/>
                <line number="40" hits="32"/>
                <line number="43" hits="32"/>
                <line number="45" hits="32"/>
                <line number="46" hits="32"/>
                <line number="47" hits="32"/>
                <line number="51" hits="32"/>
              </lines>
            </method>
            <method name="register" signature="" line-rate="1" branch-rate="0" complexity="1">
              <lines>
                <line number="59" hits="32"/>
                <line number="60" hits="32"/>
                <line number="61" hits="32"/>
                <line number="62" hits="32"/>
              </lines>
            </method>
            <method name="about" signature="" line-rate="1" branch-rate="0" complexity="7">
              <lines>
                <line number="67" hits="32"/>
                <line number="68" hits="32"/>
                <line number="70" hits="32"/>
                <line number="71" hits="32"/>
                <line number="73" hits="32"/>
                <line number="75" hits="32"/>
                <line number="76" hits="32"/>
                <line number="78" hits="32"/>
                <line number="79" hits="32"/>
                <line number="80" hits="32"/>
              </lines>
            </method>
            <method name="version" signature="" line-rate="1" branch-rate="0" complexity="1">
              <lines>
                <line number="85" hits="32"/>
              </lines>
            </method>
          </methods>
          <lines>
            <line number="32" hits="32"/>
            <line number="34" hits="32"/>
            <line number="36" hits="32"/>
            <line number="37" hits="32"/>
            <line number="38" hits="32"/>
            <line number="39" hits="32"/>
            <line number="40" hits="32"/>
            <line number="43" hits="32"/>
            <line number="45" hits="32"/>
            <line number="46" hits="32"/>
            <line number="47" hits="32"/>
            <line number="51" hits="32"/>
            <line number="59" hits="32"/>
            <line number="60" hits="32"/>
            <line number="61" hits="32"/>
            <line number="62" hits="32"/>
            <line number="67" hits="32"/>
            <line number="68" hits="32"/>
            <line number="70" hits="32"/>
            <line number="71" hits="32"/>
            <line number="73" hits="32"/>
            <line number="75" hits="32"/>
            <line number="76" hits="32"/>
            <line number="78" hits="32"/>
            <line number="79" hits="32"/>
            <line number="80" hits="32"/>
            <line number="85" hits="32"/>
          </lines>
        </class>
      </classes>
    </package>
  </packages>
</coverage>
